<?xml version="1.0" encoding="UTF-8"?>
<testsuites>
  <testsuite name="fastlane.lanes">
    
      
      <testcase classname="fastlane.lanes" name="0: Verifying required fastlane version" time="0.000515">
        
      </testcase>
    
      
      <testcase classname="fastlane.lanes" name="1: default_platform" time="0.0004">
        
      </testcase>
    
      
      <testcase classname="fastlane.lanes" name="2: ensure_git_branch" time="0.007292">
        
      </testcase>
    
      
      <testcase classname="fastlane.lanes" name="3: ensure_git_status_clean" time="0.011998">
        
      </testcase>
    
      
      <testcase classname="fastlane.lanes" name="4: scan" time="9.283146">
        
      </testcase>
    
      
      <testcase classname="fastlane.lanes" name="5: number_of_commits" time="0.022727">
        
      </testcase>
    
      
      <testcase classname="fastlane.lanes" name="6: increment_build_number" time="0.756802">
        
      </testcase>
    
      
      <testcase classname="fastlane.lanes" name="7: increment_version_number" time="0.715842">
        
      </testcase>
    
      
      <testcase classname="fastlane.lanes" name="8: version_bump_podspec" time="0.00133">
        
      </testcase>
    
      
      <testcase classname="fastlane.lanes" name="9: git_commit_all" time="0.020914">
        
      </testcase>
    
      
      <testcase classname="fastlane.lanes" name="10: add_git_tag" time="0.013397">
        
      </testcase>
    
      
      <testcase classname="fastlane.lanes" name="11: push_to_git_remote" time="15.226937">
        
          <failure message="/Library/Ruby/Gems/2.0.0/gems/fastlane-1.89.0/lib/fastlane/actions/actions_helper.rb:33:in `execute_action'&#10;/Library/Ruby/Gems/2.0.0/gems/fastlane-1.89.0/lib/fastlane/runner.rb:162:in `block in execute_action'&#10;/Library/Ruby/Gems/2.0.0/gems/fastlane-1.89.0/lib/fastlane/runner.rb:161:in `chdir'&#10;/Library/Ruby/Gems/2.0.0/gems/fastlane-1.89.0/lib/fastlane/runner.rb:161:in `execute_action'&#10;/Library/Ruby/Gems/2.0.0/gems/fastlane-1.89.0/lib/fastlane/runner.rb:109:in `trigger_action_by_name'&#10;/Library/Ruby/Gems/2.0.0/gems/fastlane-1.89.0/lib/fastlane/fast_file.rb:140:in `method_missing'&#10;Fastfile:30:in `block (2 levels) in parsing_binding'&#10;/Library/Ruby/Gems/2.0.0/gems/fastlane-1.89.0/lib/fastlane/lane.rb:33:in `call'&#10;/Library/Ruby/Gems/2.0.0/gems/fastlane-1.89.0/lib/fastlane/lane.rb:33:in `call'&#10;/Library/Ruby/Gems/2.0.0/gems/fastlane-1.89.0/lib/fastlane/runner.rb:50:in `block in execute'&#10;/Library/Ruby/Gems/2.0.0/gems/fastlane-1.89.0/lib/fastlane/runner.rb:46:in `chdir'&#10;/Library/Ruby/Gems/2.0.0/gems/fastlane-1.89.0/lib/fastlane/runner.rb:46:in `execute'&#10;/Library/Ruby/Gems/2.0.0/gems/fastlane-1.89.0/lib/fastlane/lane_manager.rb:46:in `cruise_lane'&#10;/Library/Ruby/Gems/2.0.0/gems/fastlane-1.89.0/lib/fastlane/command_line_handler.rb:30:in `handle'&#10;/Library/Ruby/Gems/2.0.0/gems/fastlane-1.89.0/lib/fastlane/commands_generator.rb:42:in `block (2 levels) in run'&#10;/Library/Ruby/Gems/2.0.0/gems/commander-4.3.5/lib/commander/command.rb:178:in `call'&#10;/Library/Ruby/Gems/2.0.0/gems/commander-4.3.5/lib/commander/command.rb:178:in `call'&#10;/Library/Ruby/Gems/2.0.0/gems/commander-4.3.5/lib/commander/command.rb:153:in `run'&#10;/Library/Ruby/Gems/2.0.0/gems/commander-4.3.5/lib/commander/runner.rb:428:in `run_active_command'&#10;/Library/Ruby/Gems/2.0.0/gems/fastlane_core-0.43.5/lib/fastlane_core/ui/fastlane_runner.rb:26:in `run!'&#10;/Library/Ruby/Gems/2.0.0/gems/commander-4.3.5/lib/commander/delegates.rb:15:in `run!'&#10;/Library/Ruby/Gems/2.0.0/gems/fastlane-1.89.0/lib/fastlane/commands_generator.rb:175:in `run'&#10;/Library/Ruby/Gems/2.0.0/gems/fastlane-1.89.0/lib/fastlane/commands_generator.rb:13:in `start'&#10;/Library/Ruby/Gems/2.0.0/gems/fastlane-1.89.0/lib/fastlane/cli_tools_distributor.rb:47:in `take_off'&#10;/Library/Ruby/Gems/2.0.0/gems/fastlane-1.89.0/bin/fastlane:5:in `&lt;top (required)&gt;'&#10;/usr/local/bin/fastlane:23:in `load'&#10;/usr/local/bin/fastlane:23:in `&lt;main&gt;'&#10;&#10;Exit status of command 'git push origin master:master --tags' was 1 instead of 0.&#10;remote: fatal error in commit_refs        &#10;To https://github.com/wutongr/WTSegment.git&#10; ! [remote rejected] master -&gt; master (failure)&#10; ! [remote rejected] 0.3.1 -&gt; 0.3.1 (failure)&#10;error: failed to push some refs to 'https://github.com/wutongr/WTSegment.git'&#10;" />
        
      </testcase>
    
  </testsuite>
</testsuites>
